
2015/11/21 13:25:47 UPDATE mantis_bug_history_table SET new_value ='000' WHERE id = 164804 AND field_name = 'fixing_priority' AND bug_id = 11259 INFO:
 old_unchecked:0old: 0 new: 0 sum: 0 history_id: 164804 bug_id: 11259 user_voted: 0
z: 
2015/11/21 13:25:54 UPDATE mantis_bug_history_table SET new_value ='000' WHERE id = 164805 AND field_name = 'fixing_priority' AND bug_id = 11259 INFO:
 old_unchecked:000old: 000 new: 0 sum: 0 history_id: 164805 bug_id: 11259 user_voted: 1
z:  old_v: 0 new_v: 000 new_val: 0
2015/11/21 13:26:00 UPDATE mantis_bug_history_table SET new_value ='000' WHERE id = 164806 AND field_name = 'fixing_priority' AND bug_id = 11259 INFO:
 old_unchecked:000old: 000 new: 0 sum: 0 history_id: 164806 bug_id: 11259 user_voted: 1
z:  old_v: 0 new_v: 000 new_val: 0
2015/11/21 13:26:11 UPDATE mantis_bug_history_table SET new_value ='000' WHERE id = 164807 AND field_name = 'fixing_priority' AND bug_id = 11259 INFO:
 old_unchecked:000old: 000 new: 0 sum: 0 history_id: 164807 bug_id: 11259 user_voted: 1
z:  old_v: 0 new_v: 000 new_val: 0
2015/11/21 13:26:36 UPDATE mantis_bug_history_table SET new_value ='001' WHERE id = 164808 AND field_name = 'fixing_priority' AND bug_id = 9479 INFO:
 old_unchecked:0old: 0 new: 1 sum: 1 history_id: 164808 bug_id: 9479 user_voted: 0
z: 
2015/11/21 13:27:00 UPDATE mantis_bug_history_table SET new_value ='000' WHERE id = 164813 AND field_name = 'fixing_priority' AND bug_id = 58 INFO:
 old_unchecked:0old: 0 new: 0 sum: 0 history_id: 164813 bug_id: 58 user_voted: 0
z: 
2015/11/21 13:27:06 UPDATE mantis_bug_history_table SET new_value ='000' WHERE id = 164814 AND field_name = 'fixing_priority' AND bug_id = 58 INFO:
 old_unchecked:000old: 000 new: 0 sum: 0 history_id: 164814 bug_id: 58 user_voted: 1
z:  old_v: 0 new_v: 000 new_val: 0
2015/11/21 13:27:13 UPDATE mantis_bug_history_table SET new_value ='000' WHERE id = 164815 AND field_name = 'fixing_priority' AND bug_id = 58 INFO:
 old_unchecked:000old: 000 new: 0 sum: 0 history_id: 164815 bug_id: 58 user_voted: 1
z:  old_v: 0 new_v: 000 new_val: 0
2015/11/21 13:27:45 UPDATE mantis_bug_history_table SET new_value ='000' WHERE id = 164816 AND field_name = 'fixing_priority' AND bug_id = 58 INFO:
 old_unchecked:000old: 000 new: 0 sum: 0 history_id: 164816 bug_id: 58 user_voted: 1
z:  old_v: 0 new_v: 000 new_val: 0
2015/11/21 13:36:04 UPDATE mantis_bug_history_table SET new_value ='000' WHERE id = 164817 AND field_name = 'fixing_priority' AND bug_id = 16600 INFO:
 old_unchecked:old: 0 new: 0 sum: 0 history_id: 164817 bug_id: 16600 user_voted: 0
z: 
2015/11/21 13:36:13 UPDATE mantis_bug_history_table SET new_value ='000' WHERE id = 164818 AND field_name = 'fixing_priority' AND bug_id = 16600 INFO:
 old_unchecked:000old: 000 new: 0 sum: 0 history_id: 164818 bug_id: 16600 user_voted: 1
z:  old_v:  new_v: 000 new_val: 0
2015/11/21 13:54:02 UPDATE mantis_bug_history_table SET new_value ='000' WHERE id = 164819 AND field_name = 'fixing_priority' AND bug_id = 9473 INFO:
 old_unchecked:000old: 000 new: 0 sum: 0 history_id: 164819 bug_id: 9473 user_voted: 0
z: 
2015/11/21 13:54:13 UPDATE mantis_bug_history_table SET new_value ='001' WHERE id = 164820 AND field_name = 'fixing_priority' AND bug_id = 9473 INFO:
 old_unchecked:000old: 000 new: 1 sum: 1 history_id: 164820 bug_id: 9473 user_voted: 0
z: 
2015/11/21 13:54:18 UPDATE mantis_bug_history_table SET new_value ='001' WHERE id = 164821 AND field_name = 'fixing_priority' AND bug_id = 9473 INFO:
 old_unchecked:001old: 001 new: 0 sum: 1 history_id: 164821 bug_id: 9473 user_voted: 1
z:  old_v: 000 new_v: 001 new_val: 0
2015/11/21 13:54:24 UPDATE mantis_bug_history_table SET new_value ='000' WHERE id = 164822 AND field_name = 'fixing_priority' AND bug_id = 9473 INFO:
 old_unchecked:001old: 001 new: -1 sum: 0 history_id: 164822 bug_id: 9473 user_voted: 1
z:  old_v: 000 new_v: 001 new_val: -1
2015/11/21 13:54:30 UPDATE mantis_bug_history_table SET new_value ='000' WHERE id = 164823 AND field_name = 'fixing_priority' AND bug_id = 9473 INFO:
 old_unchecked:000old: 000 new: 0 sum: 0 history_id: 164823 bug_id: 9473 user_voted: 1
z:  old_v: 001 new_v: 000 new_val: 0
2015/11/21 13:54:36 UPDATE mantis_bug_history_table SET new_value ='000' WHERE id = 164824 AND field_name = 'fixing_priority' AND bug_id = 9473 INFO:
 old_unchecked:000old: 000 new: 0 sum: 0 history_id: 164824 bug_id: 9473 user_voted: 1
z:  old_v: 001 new_v: 000 new_val: 0
2015/11/21 13:54:44 UPDATE mantis_bug_history_table SET new_value ='001' WHERE id = 164825 AND field_name = 'fixing_priority' AND bug_id = 9473 INFO:
 old_unchecked:000old: 000 new: 1 sum: 1 history_id: 164825 bug_id: 9473 user_voted: 1
z:  old_v: 001 new_v: 000 new_val: 1
2015/11/21 14:47:29 UPDATE mantis_bug_history_table SET new_value ='002' WHERE id = 164832 AND field_name = 'fixing_priority' AND bug_id = 16605 INFO:
 old_unchecked:001old: 001 new: 1 sum: 2 history_id: 164832 bug_id: 16605 user_voted: 0
z: 